2019-03-21 09:34:34,296 INFO [main] n.g.s.s.Springboot2LoggingApplication [StartupInfoLogger.java:50] Starting Springboot2LoggingApplication on DESKTOP-LMUN7FU with PID 9860 (started by Rajasekhar Reddy in D:\eclipse workspace\springboot projects\springboot2-logging)
2019-03-21 09:34:34,307 DEBUG [main] n.g.s.s.Springboot2LoggingApplication [StartupInfoLogger.java:53] Running with Spring Boot v2.0.4.RELEASE, Spring v5.0.8.RELEASE
2019-03-21 09:34:34,311 INFO [main] n.g.s.s.Springboot2LoggingApplication [SpringApplication.java:662] No active profile set, falling back to default profiles: default
2019-03-21 09:34:34,559 INFO [main] o.s.b.w.s.c.AnnotationConfigServletWebServerApplicationContext [AbstractApplicationContext.java:590] Refreshing org.springframework.boot.web.servlet.context.AnnotationConfigServletWebServerApplicationContext@1b1473ab: startup date [Thu Mar 21 09:34:34 IST 2019]; root of context hierarchy
2019-03-21 09:34:39,963 INFO [main] o.s.b.w.e.t.TomcatWebServer [TomcatWebServer.java:91] Tomcat initialized with port(s): 8081 (http)
2019-03-21 09:34:40,014 INFO [main] o.a.c.h.Http11NioProtocol [DirectJDKLog.java:180] Initializing ProtocolHandler ["http-nio-8081"]
2019-03-21 09:34:40,106 INFO [main] o.a.c.c.StandardService [DirectJDKLog.java:180] Starting service [Tomcat]
2019-03-21 09:34:40,108 INFO [main] o.a.c.c.StandardEngine [DirectJDKLog.java:180] Starting Servlet Engine: Apache Tomcat/8.5.32
2019-03-21 09:34:40,173 INFO [localhost-startStop-1] o.a.c.c.AprLifecycleListener [DirectJDKLog.java:180] The APR based Apache Tomcat Native library which allows optimal performance in production environments was not found on the java.library.path: [C:\Program Files\Java\jre1.8.0_171\bin;C:\Windows\Sun\Java\bin;C:\Windows\system32;C:\Windows;C:/Program Files/Java/jre1.8.0_171/bin/server;C:/Program Files/Java/jre1.8.0_171/bin;C:/Program Files/Java/jre1.8.0_171/lib/amd64;C:\oraclexe\app\oracle\product\11.2.0\server\bin;C:\Program Files (x86)\Common Files\Oracle\Java\javapath;C:\Windows\system32;C:\Windows;C:\Windows\System32\Wbem;C:\Windows\System32\WindowsPowerShell\v1.0\;C:\Windows\System32\OpenSSH\;C:\Program Files\Git\cmd;C:\Program Files\Git\mingw64\bin;C:\Program Files\Git\usr\bin;C:\Users\Rajasekhar Reddy\AppData\Local\Microsoft\WindowsApps;C:\Users\Rajasekhar Reddy\AppData\Local\GitHubDesktop\bin;C:\Users\Rajasekhar Reddy\AppData\Local\Programs\Microsoft VS Code\bin;C:\adb;C:\apache-maven-3.5.4-bin\apache-maven-3.5.4\bin;C:\Program Files\nodejs\;C:\Program Files\MongoDB\Server\4.0\bin;C:\Program Files\MySQL\MySQL Server 8.0\bin;C:\Program Files\Java\jdk1.8.0_171\bin;C:\Users\Rajasekhar Reddy\AppData\Local\Programs\Python\Python37\Scripts\;C:\Users\Rajasekhar Reddy\AppData\Local\Programs\Python\Python37\;C:\Users\Rajasekhar Reddy\AppData\Local\Microsoft\WindowsApps;C:\Users\Rajasekhar Reddy\AppData\Local\GitHubDesktop\bin;C:\Users\Rajasekhar Reddy\AppData\Local\Programs\Microsoft VS Code\bin;C:\Program Files\Java\jdk1.8.0_171\bin;C:\apache-maven-3.5.4-bin\apache-maven-3.5.4\bin;C:\Users\Rajasekhar Reddy\AppData\Roaming\npm;C:\Program Files\MongoDB\Server\4.0\bin;C:\Program Files\Docker Toolbox;C:\gradle\bin;;C:\eclipse-oxygen\eclipse;;.]
2019-03-21 09:34:40,496 INFO [localhost-startStop-1] o.a.c.c.C.[.[.[/DemoContextPath] [DirectJDKLog.java:180] Initializing Spring embedded WebApplicationContext
2019-03-21 09:34:40,497 INFO [localhost-startStop-1] o.s.w.c.ContextLoader [ServletWebServerApplicationContext.java:285] Root WebApplicationContext: initialization completed in 5945 ms
2019-03-21 09:34:40,711 INFO [localhost-startStop-1] o.s.b.w.s.ServletRegistrationBean [ServletRegistrationBean.java:187] Servlet dispatcherServlet mapped to [/]
2019-03-21 09:34:40,718 INFO [localhost-startStop-1] o.s.b.w.s.FilterRegistrationBean [AbstractFilterRegistrationBean.java:245] Mapping filter: 'characterEncodingFilter' to: [/*]
2019-03-21 09:34:40,718 INFO [localhost-startStop-1] o.s.b.w.s.FilterRegistrationBean [AbstractFilterRegistrationBean.java:245] Mapping filter: 'hiddenHttpMethodFilter' to: [/*]
2019-03-21 09:34:40,719 INFO [localhost-startStop-1] o.s.b.w.s.FilterRegistrationBean [AbstractFilterRegistrationBean.java:245] Mapping filter: 'httpPutFormContentFilter' to: [/*]
2019-03-21 09:34:40,719 INFO [localhost-startStop-1] o.s.b.w.s.FilterRegistrationBean [AbstractFilterRegistrationBean.java:245] Mapping filter: 'requestContextFilter' to: [/*]
2019-03-21 09:34:41,115 INFO [main] o.s.w.s.h.SimpleUrlHandlerMapping [AbstractUrlHandlerMapping.java:373] Mapped URL path [/**/favicon.ico] onto handler of type [class org.springframework.web.servlet.resource.ResourceHttpRequestHandler]
2019-03-21 09:34:41,652 INFO [main] o.s.w.s.m.m.a.RequestMappingHandlerAdapter [RequestMappingHandlerAdapter.java:574] Looking for @ControllerAdvice: org.springframework.boot.web.servlet.context.AnnotationConfigServletWebServerApplicationContext@1b1473ab: startup date [Thu Mar 21 09:34:34 IST 2019]; root of context hierarchy
2019-03-21 09:34:42,136 INFO [main] o.s.w.s.m.m.a.RequestMappingHandlerMapping [AbstractHandlerMethodMapping.java:547] Mapped "{[/hello],methods=[GET]}" onto public java.util.List<net.guides.springboot2.springboot2logging.Article> net.guides.springboot2.springboot2logging.ArticleController.getArticles()
2019-03-21 09:34:42,155 INFO [main] o.s.w.s.m.m.a.RequestMappingHandlerMapping [AbstractHandlerMethodMapping.java:547] Mapped "{[/error]}" onto public org.springframework.http.ResponseEntity<java.util.Map<java.lang.String, java.lang.Object>> org.springframework.boot.autoconfigure.web.servlet.error.BasicErrorController.error(javax.servlet.http.HttpServletRequest)
2019-03-21 09:34:42,158 INFO [main] o.s.w.s.m.m.a.RequestMappingHandlerMapping [AbstractHandlerMethodMapping.java:547] Mapped "{[/error],produces=[text/html]}" onto public org.springframework.web.servlet.ModelAndView org.springframework.boot.autoconfigure.web.servlet.error.BasicErrorController.errorHtml(javax.servlet.http.HttpServletRequest,javax.servlet.http.HttpServletResponse)
2019-03-21 09:34:42,356 INFO [main] o.s.w.s.h.SimpleUrlHandlerMapping [AbstractUrlHandlerMapping.java:373] Mapped URL path [/webjars/**] onto handler of type [class org.springframework.web.servlet.resource.ResourceHttpRequestHandler]
2019-03-21 09:34:42,357 INFO [main] o.s.w.s.h.SimpleUrlHandlerMapping [AbstractUrlHandlerMapping.java:373] Mapped URL path [/**] onto handler of type [class org.springframework.web.servlet.resource.ResourceHttpRequestHandler]
2019-03-21 09:34:43,059 INFO [main] o.s.j.e.a.AnnotationMBeanExporter [MBeanExporter.java:433] Registering beans for JMX exposure on startup
2019-03-21 09:34:43,279 INFO [main] o.a.c.h.Http11NioProtocol [DirectJDKLog.java:180] Starting ProtocolHandler ["http-nio-8081"]
2019-03-21 09:34:43,355 INFO [main] o.a.t.u.n.NioSelectorPool [DirectJDKLog.java:180] Using a shared selector for servlet write/read
2019-03-21 09:34:43,470 INFO [main] o.s.b.w.e.t.TomcatWebServer [TomcatWebServer.java:206] Tomcat started on port(s): 8081 (http) with context path '/DemoContextPath'
2019-03-21 09:34:43,510 INFO [main] n.g.s.s.Springboot2LoggingApplication [StartupInfoLogger.java:59] Started Springboot2LoggingApplication in 10.255 seconds (JVM running for 11.703)
